<?xml version="1.0" encoding="UTF-8"?>
<!-- Generated by org.testng.reporters.JUnitXMLReporter -->
<testsuite ignored="0" hostname="Ramya" failures="0" tests="5" name="Test" time="1.814" errors="0" timestamp="2025-05-04T14:31:09 IST">
  <testcase classname="testBase.BaseClass" name="@BeforeClass setup" time="-1.746349268029E9">
    <failure type="org.testng.TestNGException" message="
Parameter &amp;apos;os&amp;apos; is required by BeforeClass on method setup but has not been marked @Optional or defined
in C:\Users\91984\eclipse-workspace\opencard\testnglogin.xml">
      <![CDATA[org.testng.TestNGException: 
Parameter 'os' is required by BeforeClass on method setup but has not been marked @Optional or defined
in C:\Users\91984\eclipse-workspace\opencard\testnglogin.xml
at java.base/java.util.ArrayList.forEach(ArrayList.java:1597)
... Removed 22 stack frames]]>
    </failure>
  </testcase> <!-- @BeforeClass setup -->
  <testcase classname="testBase.BaseClass" name="@AfterClass teardown" time="0.0">
    <skipped/>
  </testcase> <!-- @AfterClass teardown -->
  <testcase classname="testcases.TC_003_LoginDDT" name="verify_loginDDt" time="0.001">
    <skipped/>
  </testcase> <!-- verify_loginDDt -->
  <testcase classname="testcases.TC_003_LoginDDT" name="verify_loginDDt" time="0.0">
    <skipped/>
  </testcase> <!-- verify_loginDDt -->
  <testcase classname="testcases.TC_003_LoginDDT" name="verify_loginDDt" time="0.0">
    <skipped/>
  </testcase> <!-- verify_loginDDt -->
  <testcase classname="testcases.TC_003_LoginDDT" name="verify_loginDDt" time="0.0">
    <skipped/>
  </testcase> <!-- verify_loginDDt -->
  <testcase classname="testcases.TC_003_LoginDDT" name="verify_loginDDt" time="0.0">
    <skipped/>
  </testcase> <!-- verify_loginDDt -->
</testsuite> <!-- Test -->
